<?xml version="1.0" encoding="UTF-8"?>
<testsuite xmlns:xsi="http://www.w3.org/2001/XMLSchema-instance" xsi:noNamespaceSchemaLocation="https://maven.apache.org/surefire/maven-surefire-plugin/xsd/surefire-test-report-3.0.xsd" version="3.0" name="com.escola.api.controller.MateriaControllerIntegrationTest" time="11.833" tests="5" errors="0" skipped="0" failures="0">
  <properties>
[...]
</properties>
  <testcase name="deveRetornar200AoAtualizarMateria" classname="com.escola.api.controller.MateriaControllerIntegrationTest" time="1.433">
    <system-out><![CDATA[22:28:29.231 [main] INFO org.springframework.test.context.support.AnnotationConfigContextLoaderUtils -- Could not detect default configuration classes for test class [com.escola.api.controller.MateriaControllerIntegrationTest]: MateriaControllerIntegrationTest does not declare any static, non-private, non-final, nested classes annotated with @Configuration.
22:28:29.523 [main] INFO org.springframework.boot.test.context.SpringBootTestContextBootstrapper -- Found @SpringBootConfiguration com.escola.api.EscolaApiApplication for test class com.escola.api.controller.MateriaControllerIntegrationTest

  .   ____          _            __ _ _
 /\\ / ___'_ __ _ _(_)_ __  __ _ \ \ \ \
( ( )\___ | '_ | '_| | '_ \/ _` | \ \ \ \
 \\/  ___)| |_)| | | | | || (_| |  ) ) ) )
  '  |____| .__|_| |_|_| |_\__, | / / / /
 =========|_|==============|___/=/_/_/_/
 :: Spring Boot ::                (v3.2.0)

2025-11-27T22:28:30.453-03:00  INFO 39692 --- [           main] c.e.a.c.MateriaControllerIntegrationTest : Starting MateriaControllerIntegrationTest using Java 17.0.6 with PID 39692 (started by dudua in C:\Users\dudua\OneDrive\Área de Trabalho\APICampus)
2025-11-27T22:28:30.457-03:00  INFO 39692 --- [           main] c.e.a.c.MateriaControllerIntegrationTest : The following 1 profile is active: "test"
2025-11-27T22:28:31.734-03:00  INFO 39692 --- [           main] .s.d.r.c.RepositoryConfigurationDelegate : Bootstrapping Spring Data JPA repositories in DEFAULT mode.
2025-11-27T22:28:31.923-03:00  INFO 39692 --- [           main] .s.d.r.c.RepositoryConfigurationDelegate : Finished Spring Data repository scanning in 166 ms. Found 10 JPA repository interfaces.
2025-11-27T22:28:32.902-03:00  INFO 39692 --- [           main] o.hibernate.jpa.internal.util.LogHelper  : HHH000204: Processing PersistenceUnitInfo [name: default]
2025-11-27T22:28:33.039-03:00  INFO 39692 --- [           main] org.hibernate.Version                    : HHH000412: Hibernate ORM core version 6.3.1.Final
2025-11-27T22:28:33.112-03:00  INFO 39692 --- [           main] o.h.c.internal.RegionFactoryInitiator    : HHH000026: Second-level cache disabled
2025-11-27T22:28:33.874-03:00  INFO 39692 --- [           main] o.s.o.j.p.SpringPersistenceUnitInfo      : No LoadTimeWeaver setup: ignoring JPA class transformer
2025-11-27T22:28:33.939-03:00  INFO 39692 --- [           main] com.zaxxer.hikari.HikariDataSource       : HikariPool-1 - Starting...
2025-11-27T22:28:34.319-03:00  INFO 39692 --- [           main] com.zaxxer.hikari.pool.HikariPool        : HikariPool-1 - Added connection conn0: url=jdbc:h2:mem:testdb user=SA
2025-11-27T22:28:34.322-03:00  INFO 39692 --- [           main] com.zaxxer.hikari.HikariDataSource       : HikariPool-1 - Start completed.
2025-11-27T22:28:34.373-03:00  WARN 39692 --- [           main] org.hibernate.orm.deprecation            : HHH90000025: H2Dialect does not need to be specified explicitly using 'hibernate.dialect' (remove the property setting and it will be selected by default)
2025-11-27T22:28:36.558-03:00  INFO 39692 --- [           main] o.h.e.t.j.p.i.JtaPlatformInitiator       : HHH000489: No JTA platform available (set 'hibernate.transaction.jta.platform' to enable JTA platform integration)
Hibernate: 
    drop table if exists tb_aluno cascade 
Hibernate: 
    drop table if exists tb_evento cascade 
Hibernate: 
    drop table if exists tb_inscricao_evento cascade 
Hibernate: 
    drop table if exists tb_materia cascade 
Hibernate: 
    drop table if exists tb_matricula cascade 
Hibernate: 
    drop table if exists tb_notificacao cascade 
Hibernate: 
    drop table if exists tb_professor cascade 
Hibernate: 
    drop table if exists tb_professor_materia cascade 
Hibernate: 
    drop table if exists tb_turma cascade 
Hibernate: 
    drop table if exists tb_usuario cascade 
Hibernate: 
    create table tb_aluno (
        data_ingresso date,
        id_aluno BINARY(16) not null,
        id_usuario BINARY(16) not null unique,
        matricula varchar(255) not null unique,
        situacao varchar(255) not null,
        primary key (id_aluno)
    )
Hibernate: 
    create table tb_evento (
        data timestamp(6),
        id_evento BINARY(16) not null,
        id_professor BINARY(16),
        id_turma BINARY(16),
        informacoes TEXT,
        local varchar(255),
        nome varchar(255) not null,
        primary key (id_evento)
    )
Hibernate: 
    create table tb_inscricao_evento (
        id_evento BINARY(16) not null,
        id_inscricao_evento BINARY(16) not null,
        id_usuario BINARY(16) not null,
        primary key (id_inscricao_evento),
        unique (id_usuario, id_evento)
    )
Hibernate: 
    create table tb_materia (
        id_materia BINARY(16) not null,
        descricao varchar(255),
        nome varchar(255) not null,
        primary key (id_materia)
    )
Hibernate: 
    create table tb_matricula (
        id_aluno BINARY(16) not null,
        id_matricula BINARY(16) not null,
        id_turma BINARY(16) not null,
        primary key (id_matricula),
        unique (id_turma, id_aluno)
    )
Hibernate: 
    create table tb_notificacao (
        data timestamp(6),
        id_notificacao BINARY(16) not null,
        id_professor BINARY(16),
        id_turma BINARY(16),
        conteudo TEXT,
        status varchar(255) not null,
        titulo varchar(255) not null,
        primary key (id_notificacao)
    )
Hibernate: 
    create table tb_professor (
        id_professor BINARY(16) not null,
        id_usuario BINARY(16) not null unique,
        formacao varchar(255),
        primary key (id_professor)
    )
Hibernate: 
    create table tb_professor_materia (
        id_materia BINARY(16) not null,
        id_professor BINARY(16) not null,
        id_professor_materia BINARY(16) not null,
        primary key (id_professor_materia),
        unique (id_materia, id_professor)
    )
Hibernate: 
    create table tb_turma (
        id_materia BINARY(16) not null,
        id_professor BINARY(16) not null,
        id_turma BINARY(16) not null,
        nome varchar(255) not null,
        primary key (id_turma)
    )
Hibernate: 
    create table tb_usuario (
        id_usuario BINARY(16) not null,
        celular varchar(255),
        email varchar(255) not null unique,
        nome varchar(255) not null,
        senha varchar(255) not null,
        primary key (id_usuario)
    )
Hibernate: 
    alter table if exists tb_aluno 
       add constraint FKs1ml6rp1f469yvboa9exanpu0 
       foreign key (id_usuario) 
       references tb_usuario
Hibernate: 
    alter table if exists tb_evento 
       add constraint FK4i7uqsmpote39ksj7rgqqpwcv 
       foreign key (id_professor) 
       references tb_professor
Hibernate: 
    alter table if exists tb_evento 
       add constraint FKkhb8742keyvrojqk2ui1bqnfh 
       foreign key (id_turma) 
       references tb_turma
Hibernate: 
    alter table if exists tb_inscricao_evento 
       add constraint FK1iu524mul4yd5lmwojds5cufe 
       foreign key (id_evento) 
       references tb_evento
Hibernate: 
    alter table if exists tb_inscricao_evento 
       add constraint FKnl166gf0l55hj5yhphtk79tt0 
       foreign key (id_usuario) 
       references tb_usuario
Hibernate: 
    alter table if exists tb_matricula 
       add constraint FKpvihyffqeawbdpcvcb0hm1xlr 
       foreign key (id_aluno) 
       references tb_aluno
Hibernate: 
    alter table if exists tb_matricula 
       add constraint FK64v6ufwn5x11jhbmiww1orbia 
       foreign key (id_turma) 
       references tb_turma
Hibernate: 
    alter table if exists tb_notificacao 
       add constraint FKgaba4v86k2g6oqkltoedar7uq 
       foreign key (id_professor) 
       references tb_professor
Hibernate: 
    alter table if exists tb_notificacao 
       add constraint FKntrhndka4rrcg5d4hiklt86rc 
       foreign key (id_turma) 
       references tb_turma
Hibernate: 
    alter table if exists tb_professor 
       add constraint FKj8woovcxqtlgi1e5lbd3hpug2 
       foreign key (id_usuario) 
       references tb_usuario
Hibernate: 
    alter table if exists tb_professor_materia 
       add constraint FKdgqr36k19wick8v2f1xysbtgq 
       foreign key (id_materia) 
       references tb_materia
Hibernate: 
    alter table if exists tb_professor_materia 
       add constraint FKo4ysrdtrg62hnfl7q6u36755m 
       foreign key (id_professor) 
       references tb_professor
Hibernate: 
    alter table if exists tb_turma 
       add constraint FKsp8qmiv713r7h14i160cigs46 
       foreign key (id_materia) 
       references tb_materia
Hibernate: 
    alter table if exists tb_turma 
       add constraint FKkmatiuxkr2e657traiks225bx 
       foreign key (id_professor) 
       references tb_professor
2025-11-27T22:28:36.785-03:00  INFO 39692 --- [           main] j.LocalContainerEntityManagerFactoryBean : Initialized JPA EntityManagerFactory for persistence unit 'default'
2025-11-27T22:28:38.182-03:00  WARN 39692 --- [           main] JpaBaseConfiguration$JpaWebConfiguration : spring.jpa.open-in-view is enabled by default. Therefore, database queries may be performed during view rendering. Explicitly configure spring.jpa.open-in-view to disable this warning
2025-11-27T22:28:38.216-03:00  INFO 39692 --- [           main] o.s.b.a.w.s.WelcomePageHandlerMapping    : Adding welcome page template: index
2025-11-27T22:28:38.941-03:00  INFO 39692 --- [           main] o.s.b.t.m.w.SpringBootMockServletContext : Initializing Spring TestDispatcherServlet ''
2025-11-27T22:28:38.941-03:00  INFO 39692 --- [           main] o.s.t.web.servlet.TestDispatcherServlet  : Initializing Servlet ''
2025-11-27T22:28:38.948-03:00  INFO 39692 --- [           main] o.s.t.web.servlet.TestDispatcherServlet  : Completed initialization in 1 ms
2025-11-27T22:28:38.986-03:00  INFO 39692 --- [           main] c.e.a.c.MateriaControllerIntegrationTest : Started MateriaControllerIntegrationTest in 9.129 seconds (process running for 11.354)
Hibernate: 
    select
        m1_0.id_materia,
        m1_0.descricao,
        m1_0.nome 
    from
        tb_materia m1_0
]]></system-out>
  </testcase>
  <testcase name="deveRetornar200AoBuscarMateriaPorId" classname="com.escola.api.controller.MateriaControllerIntegrationTest" time="0.031">
    <system-out><![CDATA[Hibernate: 
    select
        m1_0.id_materia,
        m1_0.descricao,
        m1_0.nome 
    from
        tb_materia m1_0
]]></system-out>
  </testcase>
  <testcase name="deveRetornar204AoDeletarMateria" classname="com.escola.api.controller.MateriaControllerIntegrationTest" time="0.041">
    <system-out><![CDATA[Hibernate: 
    select
        m1_0.id_materia,
        m1_0.descricao,
        m1_0.nome 
    from
        tb_materia m1_0
]]></system-out>
  </testcase>
  <testcase name="deveRetornar200AoListarTodasMaterias" classname="com.escola.api.controller.MateriaControllerIntegrationTest" time="0.103">
    <system-out><![CDATA[Hibernate: 
    select
        m1_0.id_materia,
        m1_0.descricao,
        m1_0.nome 
    from
        tb_materia m1_0
Hibernate: 
    insert 
    into
        tb_materia
        (descricao, nome, id_materia) 
    values
        (?, ?, ?)
Hibernate: 
    insert 
    into
        tb_materia
        (descricao, nome, id_materia) 
    values
        (?, ?, ?)
Hibernate: 
    select
        m1_0.id_materia,
        m1_0.descricao,
        m1_0.nome 
    from
        tb_materia m1_0
]]></system-out>
  </testcase>
  <testcase name="deveRetornar201AoCriarMateria" classname="com.escola.api.controller.MateriaControllerIntegrationTest" time="0.013">
    <system-out><![CDATA[Hibernate: 
    select
        m1_0.id_materia,
        m1_0.descricao,
        m1_0.nome 
    from
        tb_materia m1_0
]]></system-out>
  </testcase>
</testsuite>